[2025-08-05 21:21:50,618: INFO: common: yaml file: config\config.yaml loaded successfully]
[2025-08-05 21:21:50,623: INFO: common: yaml file: params.yaml loaded successfully]
[2025-08-05 21:21:50,626: INFO: common: created directory at: artifacts]
[2025-08-05 21:21:50,628: INFO: common: created directory at: artifacts/data_ingestion]
[2025-08-05 21:21:50,632: INFO: 1983665874: Downloading data from https://drive.google.com/file/d/1z0mreUtRmR-P-magILsDR3T7M6IkGXtY/view?usp=sharing into file artifacts/data_ingestion/data.zip]
[2025-08-05 21:22:24,884: INFO: 1983665874: Downloaded data from https://drive.google.com/file/d/1z0mreUtRmR-P-magILsDR3T7M6IkGXtY/view?usp=sharing into file artifacts/data_ingestion/data.zip]
[2025-08-05 21:46:04,127: INFO: main: >>>>>> stage Data Ingestion stage started <<<<<<]
[2025-08-05 21:46:04,127: INFO: common: yaml file: config\config.yaml loaded successfully]
[2025-08-05 21:46:04,127: INFO: common: yaml file: params.yaml loaded successfully]
[2025-08-05 21:46:04,127: INFO: common: created directory at: artifacts]
[2025-08-05 21:46:04,127: INFO: common: created directory at: artifacts/data_ingestion]
[2025-08-05 21:46:04,127: INFO: data_ingestion: Downloading data from https://drive.google.com/file/d/1z0mreUtRmR-P-magILsDR3T7M6IkGXtY/view?usp=sharing into file artifacts/data_ingestion/data.zip]
[2025-08-05 21:46:31,611: INFO: data_ingestion: Downloaded data from https://drive.google.com/file/d/1z0mreUtRmR-P-magILsDR3T7M6IkGXtY/view?usp=sharing into file artifacts/data_ingestion/data.zip]
[2025-08-05 21:46:32,339: INFO: main: >>>>>> stage Data Ingestion stage completed <<<<<<

x==========x]
[2025-08-05 23:38:46,540: INFO: common: yaml file: config\config.yaml loaded successfully]
[2025-08-05 23:38:46,545: INFO: common: yaml file: params.yaml loaded successfully]
[2025-08-05 23:38:46,551: INFO: common: created directory at: artifacts]
[2025-08-05 23:38:46,554: INFO: common: created directory at: artifacts/prepare_base_model]
[2025-08-05 23:39:09,069: WARNING: saving_api: You are saving your model as an HDF5 file via `model.save()` or `keras.saving.save_model(model)`. This file format is considered legacy. We recommend using instead the native Keras format, e.g. `model.save('my_model.keras')` or `keras.saving.save_model(model, 'my_model.keras')`. ]
[2025-08-05 23:39:09,371: WARNING: saving_api: You are saving your model as an HDF5 file via `model.save()` or `keras.saving.save_model(model)`. This file format is considered legacy. We recommend using instead the native Keras format, e.g. `model.save('my_model.keras')` or `keras.saving.save_model(model, 'my_model.keras')`. ]
[2025-08-06 00:23:16,389: INFO: main: >>>>>> stage Data Ingestion stage started <<<<<<]
[2025-08-06 00:23:16,389: INFO: common: yaml file: config\config.yaml loaded successfully]
[2025-08-06 00:23:16,389: INFO: common: yaml file: params.yaml loaded successfully]
[2025-08-06 00:23:16,389: INFO: common: created directory at: artifacts]
[2025-08-06 00:23:16,389: INFO: common: created directory at: artifacts/data_ingestion]
[2025-08-06 00:23:16,389: INFO: data_ingestion: Downloading data from https://drive.google.com/file/d/1z0mreUtRmR-P-magILsDR3T7M6IkGXtY/view?usp=sharing into file artifacts/data_ingestion/data.zip]
[2025-08-06 00:23:37,602: INFO: data_ingestion: Downloaded data from https://drive.google.com/file/d/1z0mreUtRmR-P-magILsDR3T7M6IkGXtY/view?usp=sharing into file artifacts/data_ingestion/data.zip]
[2025-08-06 00:23:38,470: INFO: main: >>>>>> stage Data Ingestion stage completed <<<<<<

x==========x]
[2025-08-06 00:23:38,470: INFO: main: *******************]
[2025-08-06 00:23:38,470: INFO: main: >>>>>> stage Prepare base model started <<<<<<]
[2025-08-06 00:23:38,470: INFO: common: yaml file: config\config.yaml loaded successfully]
[2025-08-06 00:23:38,480: INFO: common: yaml file: params.yaml loaded successfully]
[2025-08-06 00:23:38,481: INFO: common: created directory at: artifacts]
[2025-08-06 00:23:38,482: INFO: common: created directory at: artifacts/prepare_base_model]
[2025-08-06 00:23:39,095: WARNING: saving_api: You are saving your model as an HDF5 file via `model.save()` or `keras.saving.save_model(model)`. This file format is considered legacy. We recommend using instead the native Keras format, e.g. `model.save('my_model.keras')` or `keras.saving.save_model(model, 'my_model.keras')`. ]
[2025-08-06 00:23:39,362: WARNING: saving_api: You are saving your model as an HDF5 file via `model.save()` or `keras.saving.save_model(model)`. This file format is considered legacy. We recommend using instead the native Keras format, e.g. `model.save('my_model.keras')` or `keras.saving.save_model(model, 'my_model.keras')`. ]
[2025-08-06 00:23:39,525: INFO: main: >>>>>> stage Prepare base model completed <<<<<<

x==========x]
